[2m16:42:26[22m [31m[1m[vite][22m[39m [31m[2m(client)[22m[39m Pre-transform error: [postcss] It looks like you're trying to use `tailwindcss` directly as a PostCSS plugin. The PostCSS plugin has moved to a separate package, so to continue using Tailwind CSS with PostCSS you'll need to install `@tailwindcss/postcss` and update your PostCSS configuration.
  Plugin: [35mvite:css[39m
  File: [36mC:/Users/holub/Downloads/ovocnarstvi Holub/react-verze/src/index.css[39m:undefined:NaN
[2m16:42:26[22m [31m[1m[vite][22m[39m [31mInternal server error: [postcss] It looks like you're trying to use `tailwindcss` directly as a PostCSS plugin. The PostCSS plugin has moved to a separate package, so to continue using Tailwind CSS with PostCSS you'll need to install `@tailwindcss/postcss` and update your PostCSS configuration.[39m
  Plugin: [35mvite:css[39m
  File: [36mC:/Users/holub/Downloads/ovocnarstvi Holub/react-verze/src/index.css[39m:undefined:NaN
      at at (C:\Users\holub\Downloads\ovocnarstvi Holub\react-verze\node_modules\tailwindcss\dist\lib.js:38:1643)
      at LazyResult.runOnRoot (C:\Users\holub\Downloads\ovocnarstvi Holub\react-verze\node_modules\postcss\lib\lazy-result.js:361:16)
      at LazyResult.runAsync (C:\Users\holub\Downloads\ovocnarstvi Holub\react-verze\node_modules\postcss\lib\lazy-result.js:290:26)
      at async runPostCSS (file:///C:/Users/holub/Downloads/ovocnarstvi%20Holub/react-verze/node_modules/vite/dist/node/chunks/node.js:20913:19)
      at async compilePostCSS (file:///C:/Users/holub/Downloads/ovocnarstvi%20Holub/react-verze/node_modules/vite/dist/node/chunks/node.js:20897:6)
      at async compileCSS (file:///C:/Users/holub/Downloads/ovocnarstvi%20Holub/react-verze/node_modules/vite/dist/node/chunks/node.js:20827:26)
      at async TransformPluginContext.handler (file:///C:/Users/holub/Downloads/ovocnarstvi%20Holub/react-verze/node_modules/vite/dist/node/chunks/node.js:20343:47)
      at async EnvironmentPluginContainer.transform (file:///C:/Users/holub/Downloads/ovocnarstvi%20Holub/react-verze/node_modules/vite/dist/node/chunks/node.js:29998:14)
      at async loadAndTransform (file:///C:/Users/holub/Downloads/ovocnarstvi%20Holub/react-verze/node_modules/vite/dist/node/chunks/node.js:24133:26)
      at async viteTransformMiddleware (file:///C:/Users/holub/Downloads/ovocnarstvi%20Holub/react-verze/node_modules/vite/dist/node/chunks/node.js:24941:20)
[2m16:42:53[22m [31m[1m[vite][22m[39m [31mInternal server error: [postcss] It looks like you're trying to use `tailwindcss` directly as a PostCSS plugin. The PostCSS plugin has moved to a separate package, so to continue using Tailwind CSS with PostCSS you'll need to install `@tailwindcss/postcss` and update your PostCSS configuration.[39m
  Plugin: [35mvite:css[39m
  File: [36mC:/Users/holub/Downloads/ovocnarstvi Holub/react-verze/src/index.css[39m:undefined:NaN
      at at (C:\Users\holub\Downloads\ovocnarstvi Holub\react-verze\node_modules\tailwindcss\dist\lib.js:38:1643)
      at LazyResult.runOnRoot (C:\Users\holub\Downloads\ovocnarstvi Holub\react-verze\node_modules\postcss\lib\lazy-result.js:361:16)
      at LazyResult.runAsync (C:\Users\holub\Downloads\ovocnarstvi Holub\react-verze\node_modules\postcss\lib\lazy-result.js:290:26)
      at async runPostCSS (file:///C:/Users/holub/Downloads/ovocnarstvi%20Holub/react-verze/node_modules/vite/dist/node/chunks/node.js:20913:19)
      at async compilePostCSS (file:///C:/Users/holub/Downloads/ovocnarstvi%20Holub/react-verze/node_modules/vite/dist/node/chunks/node.js:20897:6)
      at async compileCSS (file:///C:/Users/holub/Downloads/ovocnarstvi%20Holub/react-verze/node_modules/vite/dist/node/chunks/node.js:20827:26)
      at async TransformPluginContext.handler (file:///C:/Users/holub/Downloads/ovocnarstvi%20Holub/react-verze/node_modules/vite/dist/node/chunks/node.js:20343:47)
      at async EnvironmentPluginContainer.transform (file:///C:/Users/holub/Downloads/ovocnarstvi%20Holub/react-verze/node_modules/vite/dist/node/chunks/node.js:29998:14)
      at async loadAndTransform (file:///C:/Users/holub/Downloads/ovocnarstvi%20Holub/react-verze/node_modules/vite/dist/node/chunks/node.js:24133:26)
      at async viteTransformMiddleware (file:///C:/Users/holub/Downloads/ovocnarstvi%20Holub/react-verze/node_modules/vite/dist/node/chunks/node.js:24941:20)
[2m16:44:10[22m [31m[1m[vite][22m[39m [31m[2m(client)[22m[39m Pre-transform error: [postcss] It looks like you're trying to use `tailwindcss` directly as a PostCSS plugin. The PostCSS plugin has moved to a separate package, so to continue using Tailwind CSS with PostCSS you'll need to install `@tailwindcss/postcss` and update your PostCSS configuration.
  Plugin: [35mvite:css[39m
  File: [36mC:/Users/holub/Downloads/ovocnarstvi Holub/react-verze/src/index.css[39m:undefined:NaN
[2m16:44:10[22m [31m[1m[vite][22m[39m [31mInternal server error: [postcss] It looks like you're trying to use `tailwindcss` directly as a PostCSS plugin. The PostCSS plugin has moved to a separate package, so to continue using Tailwind CSS with PostCSS you'll need to install `@tailwindcss/postcss` and update your PostCSS configuration.[39m
  Plugin: [35mvite:css[39m
  File: [36mC:/Users/holub/Downloads/ovocnarstvi Holub/react-verze/src/index.css[39m:undefined:NaN
      at at (C:\Users\holub\Downloads\ovocnarstvi Holub\react-verze\node_modules\tailwindcss\dist\lib.js:38:1643)
      at LazyResult.runOnRoot (C:\Users\holub\Downloads\ovocnarstvi Holub\react-verze\node_modules\postcss\lib\lazy-result.js:361:16)
      at LazyResult.runAsync (C:\Users\holub\Downloads\ovocnarstvi Holub\react-verze\node_modules\postcss\lib\lazy-result.js:290:26)
      at async runPostCSS (file:///C:/Users/holub/Downloads/ovocnarstvi%20Holub/react-verze/node_modules/vite/dist/node/chunks/node.js:20913:19)
      at async compilePostCSS (file:///C:/Users/holub/Downloads/ovocnarstvi%20Holub/react-verze/node_modules/vite/dist/node/chunks/node.js:20897:6)
      at async compileCSS (file:///C:/Users/holub/Downloads/ovocnarstvi%20Holub/react-verze/node_modules/vite/dist/node/chunks/node.js:20827:26)
      at async TransformPluginContext.handler (file:///C:/Users/holub/Downloads/ovocnarstvi%20Holub/react-verze/node_modules/vite/dist/node/chunks/node.js:20343:47)
      at async EnvironmentPluginContainer.transform (file:///C:/Users/holub/Downloads/ovocnarstvi%20Holub/react-verze/node_modules/vite/dist/node/chunks/node.js:29998:14)
      at async loadAndTransform (file:///C:/Users/holub/Downloads/ovocnarstvi%20Holub/react-verze/node_modules/vite/dist/node/chunks/node.js:24133:26)
      at async viteTransformMiddleware (file:///C:/Users/holub/Downloads/ovocnarstvi%20Holub/react-verze/node_modules/vite/dist/node/chunks/node.js:24941:20)
[2m16:45:03[22m [31m[1m[vite][22m[39m [31m[2m(client)[22m[39m Pre-transform error: [postcss] It looks like you're trying to use `tailwindcss` directly as a PostCSS plugin. The PostCSS plugin has moved to a separate package, so to continue using Tailwind CSS with PostCSS you'll need to install `@tailwindcss/postcss` and update your PostCSS configuration.
  Plugin: [35mvite:css[39m
  File: [36mC:/Users/holub/Downloads/ovocnarstvi Holub/react-verze/src/index.css[39m:undefined:NaN
[2m16:45:03[22m [31m[1m[vite][22m[39m [31mInternal server error: [postcss] It looks like you're trying to use `tailwindcss` directly as a PostCSS plugin. The PostCSS plugin has moved to a separate package, so to continue using Tailwind CSS with PostCSS you'll need to install `@tailwindcss/postcss` and update your PostCSS configuration.[39m
  Plugin: [35mvite:css[39m
  File: [36mC:/Users/holub/Downloads/ovocnarstvi Holub/react-verze/src/index.css[39m:undefined:NaN
      at at (C:\Users\holub\Downloads\ovocnarstvi Holub\react-verze\node_modules\tailwindcss\dist\lib.js:38:1643)
      at LazyResult.runOnRoot (C:\Users\holub\Downloads\ovocnarstvi Holub\react-verze\node_modules\postcss\lib\lazy-result.js:361:16)
      at LazyResult.runAsync (C:\Users\holub\Downloads\ovocnarstvi Holub\react-verze\node_modules\postcss\lib\lazy-result.js:290:26)
      at async runPostCSS (file:///C:/Users/holub/Downloads/ovocnarstvi%20Holub/react-verze/node_modules/vite/dist/node/chunks/node.js:20913:19)
      at async compilePostCSS (file:///C:/Users/holub/Downloads/ovocnarstvi%20Holub/react-verze/node_modules/vite/dist/node/chunks/node.js:20897:6)
      at async compileCSS (file:///C:/Users/holub/Downloads/ovocnarstvi%20Holub/react-verze/node_modules/vite/dist/node/chunks/node.js:20827:26)
      at async TransformPluginContext.handler (file:///C:/Users/holub/Downloads/ovocnarstvi%20Holub/react-verze/node_modules/vite/dist/node/chunks/node.js:20343:47)
      at async EnvironmentPluginContainer.transform (file:///C:/Users/holub/Downloads/ovocnarstvi%20Holub/react-verze/node_modules/vite/dist/node/chunks/node.js:29998:14)
      at async loadAndTransform (file:///C:/Users/holub/Downloads/ovocnarstvi%20Holub/react-verze/node_modules/vite/dist/node/chunks/node.js:24133:26)
      at async viteTransformMiddleware (file:///C:/Users/holub/Downloads/ovocnarstvi%20Holub/react-verze/node_modules/vite/dist/node/chunks/node.js:24941:20)
[2m16:45:06[22m [31m[1m[vite][22m[39m [31mInternal server error: [postcss] It looks like you're trying to use `tailwindcss` directly as a PostCSS plugin. The PostCSS plugin has moved to a separate package, so to continue using Tailwind CSS with PostCSS you'll need to install `@tailwindcss/postcss` and update your PostCSS configuration.[39m
  Plugin: [35mvite:css[39m
  File: [36mC:/Users/holub/Downloads/ovocnarstvi Holub/react-verze/src/index.css[39m:undefined:NaN
      at at (C:\Users\holub\Downloads\ovocnarstvi Holub\react-verze\node_modules\tailwindcss\dist\lib.js:38:1643)
      at LazyResult.runOnRoot (C:\Users\holub\Downloads\ovocnarstvi Holub\react-verze\node_modules\postcss\lib\lazy-result.js:361:16)
      at LazyResult.runAsync (C:\Users\holub\Downloads\ovocnarstvi Holub\react-verze\node_modules\postcss\lib\lazy-result.js:290:26)
      at async runPostCSS (file:///C:/Users/holub/Downloads/ovocnarstvi%20Holub/react-verze/node_modules/vite/dist/node/chunks/node.js:20913:19)
      at async compilePostCSS (file:///C:/Users/holub/Downloads/ovocnarstvi%20Holub/react-verze/node_modules/vite/dist/node/chunks/node.js:20897:6)
      at async compileCSS (file:///C:/Users/holub/Downloads/ovocnarstvi%20Holub/react-verze/node_modules/vite/dist/node/chunks/node.js:20827:26)
      at async TransformPluginContext.handler (file:///C:/Users/holub/Downloads/ovocnarstvi%20Holub/react-verze/node_modules/vite/dist/node/chunks/node.js:20343:47)
      at async EnvironmentPluginContainer.transform (file:///C:/Users/holub/Downloads/ovocnarstvi%20Holub/react-verze/node_modules/vite/dist/node/chunks/node.js:29998:14)
      at async loadAndTransform (file:///C:/Users/holub/Downloads/ovocnarstvi%20Holub/react-verze/node_modules/vite/dist/node/chunks/node.js:24133:26)
      at async viteTransformMiddleware (file:///C:/Users/holub/Downloads/ovocnarstvi%20Holub/react-verze/node_modules/vite/dist/node/chunks/node.js:24941:20)
[2m16:48:54[22m [31m[1m[vite][22m[39m [31m[2m(client)[22m[39m Pre-transform error: [postcss] It looks like you're trying to use `tailwindcss` directly as a PostCSS plugin. The PostCSS plugin has moved to a separate package, so to continue using Tailwind CSS with PostCSS you'll need to install `@tailwindcss/postcss` and update your PostCSS configuration.
  Plugin: [35mvite:css[39m
  File: [36mC:/Users/holub/Downloads/ovocnarstvi Holub/react-verze/src/index.css[39m:undefined:NaN
[2m16:48:54[22m [31m[1m[vite][22m[39m [31mInternal server error: [postcss] It looks like you're trying to use `tailwindcss` directly as a PostCSS plugin. The PostCSS plugin has moved to a separate package, so to continue using Tailwind CSS with PostCSS you'll need to install `@tailwindcss/postcss` and update your PostCSS configuration.[39m
  Plugin: [35mvite:css[39m
  File: [36mC:/Users/holub/Downloads/ovocnarstvi Holub/react-verze/src/index.css[39m:undefined:NaN
      at at (C:\Users\holub\Downloads\ovocnarstvi Holub\react-verze\node_modules\tailwindcss\dist\lib.js:38:1643)
      at LazyResult.runOnRoot (C:\Users\holub\Downloads\ovocnarstvi Holub\react-verze\node_modules\postcss\lib\lazy-result.js:361:16)
      at LazyResult.runAsync (C:\Users\holub\Downloads\ovocnarstvi Holub\react-verze\node_modules\postcss\lib\lazy-result.js:290:26)
      at async runPostCSS (file:///C:/Users/holub/Downloads/ovocnarstvi%20Holub/react-verze/node_modules/vite/dist/node/chunks/node.js:20913:19)
      at async compilePostCSS (file:///C:/Users/holub/Downloads/ovocnarstvi%20Holub/react-verze/node_modules/vite/dist/node/chunks/node.js:20897:6)
      at async compileCSS (file:///C:/Users/holub/Downloads/ovocnarstvi%20Holub/react-verze/node_modules/vite/dist/node/chunks/node.js:20827:26)
      at async TransformPluginContext.handler (file:///C:/Users/holub/Downloads/ovocnarstvi%20Holub/react-verze/node_modules/vite/dist/node/chunks/node.js:20343:47)
      at async EnvironmentPluginContainer.transform (file:///C:/Users/holub/Downloads/ovocnarstvi%20Holub/react-verze/node_modules/vite/dist/node/chunks/node.js:29998:14)
      at async loadAndTransform (file:///C:/Users/holub/Downloads/ovocnarstvi%20Holub/react-verze/node_modules/vite/dist/node/chunks/node.js:24133:26)
      at async viteTransformMiddleware (file:///C:/Users/holub/Downloads/ovocnarstvi%20Holub/react-verze/node_modules/vite/dist/node/chunks/node.js:24941:20)
[2m16:48:57[22m [31m[1m[vite][22m[39m [31mInternal server error: [postcss] It looks like you're trying to use `tailwindcss` directly as a PostCSS plugin. The PostCSS plugin has moved to a separate package, so to continue using Tailwind CSS with PostCSS you'll need to install `@tailwindcss/postcss` and update your PostCSS configuration.[39m
  Plugin: [35mvite:css[39m
  File: [36mC:/Users/holub/Downloads/ovocnarstvi Holub/react-verze/src/index.css[39m:undefined:NaN
      at at (C:\Users\holub\Downloads\ovocnarstvi Holub\react-verze\node_modules\tailwindcss\dist\lib.js:38:1643)
      at LazyResult.runOnRoot (C:\Users\holub\Downloads\ovocnarstvi Holub\react-verze\node_modules\postcss\lib\lazy-result.js:361:16)
      at LazyResult.runAsync (C:\Users\holub\Downloads\ovocnarstvi Holub\react-verze\node_modules\postcss\lib\lazy-result.js:290:26)
      at async runPostCSS (file:///C:/Users/holub/Downloads/ovocnarstvi%20Holub/react-verze/node_modules/vite/dist/node/chunks/node.js:20913:19)
      at async compilePostCSS (file:///C:/Users/holub/Downloads/ovocnarstvi%20Holub/react-verze/node_modules/vite/dist/node/chunks/node.js:20897:6)
      at async compileCSS (file:///C:/Users/holub/Downloads/ovocnarstvi%20Holub/react-verze/node_modules/vite/dist/node/chunks/node.js:20827:26)
      at async TransformPluginContext.handler (file:///C:/Users/holub/Downloads/ovocnarstvi%20Holub/react-verze/node_modules/vite/dist/node/chunks/node.js:20343:47)
      at async EnvironmentPluginContainer.transform (file:///C:/Users/holub/Downloads/ovocnarstvi%20Holub/react-verze/node_modules/vite/dist/node/chunks/node.js:29998:14)
      at async loadAndTransform (file:///C:/Users/holub/Downloads/ovocnarstvi%20Holub/react-verze/node_modules/vite/dist/node/chunks/node.js:24133:26)
      at async viteTransformMiddleware (file:///C:/Users/holub/Downloads/ovocnarstvi%20Holub/react-verze/node_modules/vite/dist/node/chunks/node.js:24941:20)
[2m16:53:12[22m [31m[1m[vite][22m[39m [31mInternal server error: [postcss] It looks like you're trying to use `tailwindcss` directly as a PostCSS plugin. The PostCSS plugin has moved to a separate package, so to continue using Tailwind CSS with PostCSS you'll need to install `@tailwindcss/postcss` and update your PostCSS configuration.[39m
  Plugin: [35mvite:css[39m
  File: [36mC:/Users/holub/Downloads/ovocnarstvi Holub/react-verze/src/index.css[39m:undefined:NaN
      at at (C:\Users\holub\Downloads\ovocnarstvi Holub\react-verze\node_modules\tailwindcss\dist\lib.js:38:1643)
      at LazyResult.runOnRoot (C:\Users\holub\Downloads\ovocnarstvi Holub\react-verze\node_modules\postcss\lib\lazy-result.js:361:16)
      at LazyResult.runAsync (C:\Users\holub\Downloads\ovocnarstvi Holub\react-verze\node_modules\postcss\lib\lazy-result.js:290:26)
      at async runPostCSS (file:///C:/Users/holub/Downloads/ovocnarstvi%20Holub/react-verze/node_modules/vite/dist/node/chunks/node.js:20913:19)
      at async compilePostCSS (file:///C:/Users/holub/Downloads/ovocnarstvi%20Holub/react-verze/node_modules/vite/dist/node/chunks/node.js:20897:6)
      at async compileCSS (file:///C:/Users/holub/Downloads/ovocnarstvi%20Holub/react-verze/node_modules/vite/dist/node/chunks/node.js:20827:26)
      at async TransformPluginContext.handler (file:///C:/Users/holub/Downloads/ovocnarstvi%20Holub/react-verze/node_modules/vite/dist/node/chunks/node.js:20343:47)
      at async EnvironmentPluginContainer.transform (file:///C:/Users/holub/Downloads/ovocnarstvi%20Holub/react-verze/node_modules/vite/dist/node/chunks/node.js:29998:14)
      at async loadAndTransform (file:///C:/Users/holub/Downloads/ovocnarstvi%20Holub/react-verze/node_modules/vite/dist/node/chunks/node.js:24133:26)
      at async viteTransformMiddleware (file:///C:/Users/holub/Downloads/ovocnarstvi%20Holub/react-verze/node_modules/vite/dist/node/chunks/node.js:24941:20)
[2m16:53:15[22m [31m[1m[vite][22m[39m [31mInternal server error: [postcss] It looks like you're trying to use `tailwindcss` directly as a PostCSS plugin. The PostCSS plugin has moved to a separate package, so to continue using Tailwind CSS with PostCSS you'll need to install `@tailwindcss/postcss` and update your PostCSS configuration.[39m
  Plugin: [35mvite:css[39m
  File: [36mC:/Users/holub/Downloads/ovocnarstvi Holub/react-verze/src/index.css[39m:undefined:NaN
      at at (C:\Users\holub\Downloads\ovocnarstvi Holub\react-verze\node_modules\tailwindcss\dist\lib.js:38:1643)
      at LazyResult.runOnRoot (C:\Users\holub\Downloads\ovocnarstvi Holub\react-verze\node_modules\postcss\lib\lazy-result.js:361:16)
      at LazyResult.runAsync (C:\Users\holub\Downloads\ovocnarstvi Holub\react-verze\node_modules\postcss\lib\lazy-result.js:290:26)
      at async runPostCSS (file:///C:/Users/holub/Downloads/ovocnarstvi%20Holub/react-verze/node_modules/vite/dist/node/chunks/node.js:20913:19)
      at async compilePostCSS (file:///C:/Users/holub/Downloads/ovocnarstvi%20Holub/react-verze/node_modules/vite/dist/node/chunks/node.js:20897:6)
      at async compileCSS (file:///C:/Users/holub/Downloads/ovocnarstvi%20Holub/react-verze/node_modules/vite/dist/node/chunks/node.js:20827:26)
      at async TransformPluginContext.handler (file:///C:/Users/holub/Downloads/ovocnarstvi%20Holub/react-verze/node_modules/vite/dist/node/chunks/node.js:20343:47)
      at async EnvironmentPluginContainer.transform (file:///C:/Users/holub/Downloads/ovocnarstvi%20Holub/react-verze/node_modules/vite/dist/node/chunks/node.js:29998:14)
      at async loadAndTransform (file:///C:/Users/holub/Downloads/ovocnarstvi%20Holub/react-verze/node_modules/vite/dist/node/chunks/node.js:24133:26)
      at async viteTransformMiddleware (file:///C:/Users/holub/Downloads/ovocnarstvi%20Holub/react-verze/node_modules/vite/dist/node/chunks/node.js:24941:20)
[2m16:53:38[22m [31m[1m[vite][22m[39m [31mInternal server error: [postcss] It looks like you're trying to use `tailwindcss` directly as a PostCSS plugin. The PostCSS plugin has moved to a separate package, so to continue using Tailwind CSS with PostCSS you'll need to install `@tailwindcss/postcss` and update your PostCSS configuration.[39m
  Plugin: [35mvite:css[39m
  File: [36mC:/Users/holub/Downloads/ovocnarstvi Holub/react-verze/src/index.css[39m:undefined:NaN
      at at (C:\Users\holub\Downloads\ovocnarstvi Holub\react-verze\node_modules\tailwindcss\dist\lib.js:38:1643)
      at LazyResult.runOnRoot (C:\Users\holub\Downloads\ovocnarstvi Holub\react-verze\node_modules\postcss\lib\lazy-result.js:361:16)
      at LazyResult.runAsync (C:\Users\holub\Downloads\ovocnarstvi Holub\react-verze\node_modules\postcss\lib\lazy-result.js:290:26)
      at async runPostCSS (file:///C:/Users/holub/Downloads/ovocnarstvi%20Holub/react-verze/node_modules/vite/dist/node/chunks/node.js:20913:19)
      at async compilePostCSS (file:///C:/Users/holub/Downloads/ovocnarstvi%20Holub/react-verze/node_modules/vite/dist/node/chunks/node.js:20897:6)
      at async compileCSS (file:///C:/Users/holub/Downloads/ovocnarstvi%20Holub/react-verze/node_modules/vite/dist/node/chunks/node.js:20827:26)
      at async TransformPluginContext.handler (file:///C:/Users/holub/Downloads/ovocnarstvi%20Holub/react-verze/node_modules/vite/dist/node/chunks/node.js:20343:47)
      at async EnvironmentPluginContainer.transform (file:///C:/Users/holub/Downloads/ovocnarstvi%20Holub/react-verze/node_modules/vite/dist/node/chunks/node.js:29998:14)
      at async loadAndTransform (file:///C:/Users/holub/Downloads/ovocnarstvi%20Holub/react-verze/node_modules/vite/dist/node/chunks/node.js:24133:26)
      at async viteTransformMiddleware (file:///C:/Users/holub/Downloads/ovocnarstvi%20Holub/react-verze/node_modules/vite/dist/node/chunks/node.js:24941:20)
[2m16:55:33[22m [31m[1m[vite][22m[39m [31m[2m(client)[22m[39m Pre-transform error: [postcss] It looks like you're trying to use `tailwindcss` directly as a PostCSS plugin. The PostCSS plugin has moved to a separate package, so to continue using Tailwind CSS with PostCSS you'll need to install `@tailwindcss/postcss` and update your PostCSS configuration.
  Plugin: [35mvite:css[39m
  File: [36mC:/Users/holub/Downloads/ovocnarstvi Holub/react-verze/src/index.css[39m:undefined:NaN
[2m16:55:33[22m [31m[1m[vite][22m[39m [31mInternal server error: [postcss] It looks like you're trying to use `tailwindcss` directly as a PostCSS plugin. The PostCSS plugin has moved to a separate package, so to continue using Tailwind CSS with PostCSS you'll need to install `@tailwindcss/postcss` and update your PostCSS configuration.[39m
  Plugin: [35mvite:css[39m
  File: [36mC:/Users/holub/Downloads/ovocnarstvi Holub/react-verze/src/index.css[39m:undefined:NaN
      at at (C:\Users\holub\Downloads\ovocnarstvi Holub\react-verze\node_modules\tailwindcss\dist\lib.js:38:1643)
      at LazyResult.runOnRoot (C:\Users\holub\Downloads\ovocnarstvi Holub\react-verze\node_modules\postcss\lib\lazy-result.js:361:16)
      at LazyResult.runAsync (C:\Users\holub\Downloads\ovocnarstvi Holub\react-verze\node_modules\postcss\lib\lazy-result.js:290:26)
      at async runPostCSS (file:///C:/Users/holub/Downloads/ovocnarstvi%20Holub/react-verze/node_modules/vite/dist/node/chunks/node.js:20913:19)
      at async compilePostCSS (file:///C:/Users/holub/Downloads/ovocnarstvi%20Holub/react-verze/node_modules/vite/dist/node/chunks/node.js:20897:6)
      at async compileCSS (file:///C:/Users/holub/Downloads/ovocnarstvi%20Holub/react-verze/node_modules/vite/dist/node/chunks/node.js:20827:26)
      at async TransformPluginContext.handler (file:///C:/Users/holub/Downloads/ovocnarstvi%20Holub/react-verze/node_modules/vite/dist/node/chunks/node.js:20343:47)
      at async EnvironmentPluginContainer.transform (file:///C:/Users/holub/Downloads/ovocnarstvi%20Holub/react-verze/node_modules/vite/dist/node/chunks/node.js:29998:14)
      at async loadAndTransform (file:///C:/Users/holub/Downloads/ovocnarstvi%20Holub/react-verze/node_modules/vite/dist/node/chunks/node.js:24133:26)
      at async viteTransformMiddleware (file:///C:/Users/holub/Downloads/ovocnarstvi%20Holub/react-verze/node_modules/vite/dist/node/chunks/node.js:24941:20)
[2m16:55:36[22m [31m[1m[vite][22m[39m [31mInternal server error: [postcss] It looks like you're trying to use `tailwindcss` directly as a PostCSS plugin. The PostCSS plugin has moved to a separate package, so to continue using Tailwind CSS with PostCSS you'll need to install `@tailwindcss/postcss` and update your PostCSS configuration.[39m
  Plugin: [35mvite:css[39m
  File: [36mC:/Users/holub/Downloads/ovocnarstvi Holub/react-verze/src/index.css[39m:undefined:NaN
      at at (C:\Users\holub\Downloads\ovocnarstvi Holub\react-verze\node_modules\tailwindcss\dist\lib.js:38:1643)
      at LazyResult.runOnRoot (C:\Users\holub\Downloads\ovocnarstvi Holub\react-verze\node_modules\postcss\lib\lazy-result.js:361:16)
      at LazyResult.runAsync (C:\Users\holub\Downloads\ovocnarstvi Holub\react-verze\node_modules\postcss\lib\lazy-result.js:290:26)
      at async runPostCSS (file:///C:/Users/holub/Downloads/ovocnarstvi%20Holub/react-verze/node_modules/vite/dist/node/chunks/node.js:20913:19)
      at async compilePostCSS (file:///C:/Users/holub/Downloads/ovocnarstvi%20Holub/react-verze/node_modules/vite/dist/node/chunks/node.js:20897:6)
      at async compileCSS (file:///C:/Users/holub/Downloads/ovocnarstvi%20Holub/react-verze/node_modules/vite/dist/node/chunks/node.js:20827:26)
      at async TransformPluginContext.handler (file:///C:/Users/holub/Downloads/ovocnarstvi%20Holub/react-verze/node_modules/vite/dist/node/chunks/node.js:20343:47)
      at async EnvironmentPluginContainer.transform (file:///C:/Users/holub/Downloads/ovocnarstvi%20Holub/react-verze/node_modules/vite/dist/node/chunks/node.js:29998:14)
      at async loadAndTransform (file:///C:/Users/holub/Downloads/ovocnarstvi%20Holub/react-verze/node_modules/vite/dist/node/chunks/node.js:24133:26)
      at async viteTransformMiddleware (file:///C:/Users/holub/Downloads/ovocnarstvi%20Holub/react-verze/node_modules/vite/dist/node/chunks/node.js:24941:20)
[2m16:55:55[22m [31m[1m[vite][22m[39m [31mInternal server error: [postcss] It looks like you're trying to use `tailwindcss` directly as a PostCSS plugin. The PostCSS plugin has moved to a separate package, so to continue using Tailwind CSS with PostCSS you'll need to install `@tailwindcss/postcss` and update your PostCSS configuration.[39m
  Plugin: [35mvite:css[39m
  File: [36mC:/Users/holub/Downloads/ovocnarstvi Holub/react-verze/src/index.css[39m:undefined:NaN
      at at (C:\Users\holub\Downloads\ovocnarstvi Holub\react-verze\node_modules\tailwindcss\dist\lib.js:38:1643)
      at LazyResult.runOnRoot (C:\Users\holub\Downloads\ovocnarstvi Holub\react-verze\node_modules\postcss\lib\lazy-result.js:361:16)
      at LazyResult.runAsync (C:\Users\holub\Downloads\ovocnarstvi Holub\react-verze\node_modules\postcss\lib\lazy-result.js:290:26)
      at async runPostCSS (file:///C:/Users/holub/Downloads/ovocnarstvi%20Holub/react-verze/node_modules/vite/dist/node/chunks/node.js:20913:19)
      at async compilePostCSS (file:///C:/Users/holub/Downloads/ovocnarstvi%20Holub/react-verze/node_modules/vite/dist/node/chunks/node.js:20897:6)
      at async compileCSS (file:///C:/Users/holub/Downloads/ovocnarstvi%20Holub/react-verze/node_modules/vite/dist/node/chunks/node.js:20827:26)
      at async TransformPluginContext.handler (file:///C:/Users/holub/Downloads/ovocnarstvi%20Holub/react-verze/node_modules/vite/dist/node/chunks/node.js:20343:47)
      at async EnvironmentPluginContainer.transform (file:///C:/Users/holub/Downloads/ovocnarstvi%20Holub/react-verze/node_modules/vite/dist/node/chunks/node.js:29998:14)
      at async loadAndTransform (file:///C:/Users/holub/Downloads/ovocnarstvi%20Holub/react-verze/node_modules/vite/dist/node/chunks/node.js:24133:26)
      at async viteTransformMiddleware (file:///C:/Users/holub/Downloads/ovocnarstvi%20Holub/react-verze/node_modules/vite/dist/node/chunks/node.js:24941:20)
[2m16:55:55[22m [31m[1m[vite][22m[39m [31mInternal server error: [postcss] It looks like you're trying to use `tailwindcss` directly as a PostCSS plugin. The PostCSS plugin has moved to a separate package, so to continue using Tailwind CSS with PostCSS you'll need to install `@tailwindcss/postcss` and update your PostCSS configuration.[39m
  Plugin: [35mvite:css[39m
  File: [36mC:/Users/holub/Downloads/ovocnarstvi Holub/react-verze/src/index.css[39m:undefined:NaN
      at at (C:\Users\holub\Downloads\ovocnarstvi Holub\react-verze\node_modules\tailwindcss\dist\lib.js:38:1643)
      at LazyResult.runOnRoot (C:\Users\holub\Downloads\ovocnarstvi Holub\react-verze\node_modules\postcss\lib\lazy-result.js:361:16)
      at LazyResult.runAsync (C:\Users\holub\Downloads\ovocnarstvi Holub\react-verze\node_modules\postcss\lib\lazy-result.js:290:26)
      at async runPostCSS (file:///C:/Users/holub/Downloads/ovocnarstvi%20Holub/react-verze/node_modules/vite/dist/node/chunks/node.js:20913:19)
      at async compilePostCSS (file:///C:/Users/holub/Downloads/ovocnarstvi%20Holub/react-verze/node_modules/vite/dist/node/chunks/node.js:20897:6)
      at async compileCSS (file:///C:/Users/holub/Downloads/ovocnarstvi%20Holub/react-verze/node_modules/vite/dist/node/chunks/node.js:20827:26)
      at async TransformPluginContext.handler (file:///C:/Users/holub/Downloads/ovocnarstvi%20Holub/react-verze/node_modules/vite/dist/node/chunks/node.js:20343:47)
      at async EnvironmentPluginContainer.transform (file:///C:/Users/holub/Downloads/ovocnarstvi%20Holub/react-verze/node_modules/vite/dist/node/chunks/node.js:29998:14)
      at async loadAndTransform (file:///C:/Users/holub/Downloads/ovocnarstvi%20Holub/react-verze/node_modules/vite/dist/node/chunks/node.js:24133:26)
      at async viteTransformMiddleware (file:///C:/Users/holub/Downloads/ovocnarstvi%20Holub/react-verze/node_modules/vite/dist/node/chunks/node.js:24941:20)
[2m16:55:56[22m [31m[1m[vite][22m[39m [31mInternal server error: [postcss] It looks like you're trying to use `tailwindcss` directly as a PostCSS plugin. The PostCSS plugin has moved to a separate package, so to continue using Tailwind CSS with PostCSS you'll need to install `@tailwindcss/postcss` and update your PostCSS configuration.[39m
  Plugin: [35mvite:css[39m
  File: [36mC:/Users/holub/Downloads/ovocnarstvi Holub/react-verze/src/index.css[39m:undefined:NaN
      at at (C:\Users\holub\Downloads\ovocnarstvi Holub\react-verze\node_modules\tailwindcss\dist\lib.js:38:1643)
      at LazyResult.runOnRoot (C:\Users\holub\Downloads\ovocnarstvi Holub\react-verze\node_modules\postcss\lib\lazy-result.js:361:16)
      at LazyResult.runAsync (C:\Users\holub\Downloads\ovocnarstvi Holub\react-verze\node_modules\postcss\lib\lazy-result.js:290:26)
      at async runPostCSS (file:///C:/Users/holub/Downloads/ovocnarstvi%20Holub/react-verze/node_modules/vite/dist/node/chunks/node.js:20913:19)
      at async compilePostCSS (file:///C:/Users/holub/Downloads/ovocnarstvi%20Holub/react-verze/node_modules/vite/dist/node/chunks/node.js:20897:6)
      at async compileCSS (file:///C:/Users/holub/Downloads/ovocnarstvi%20Holub/react-verze/node_modules/vite/dist/node/chunks/node.js:20827:26)
      at async TransformPluginContext.handler (file:///C:/Users/holub/Downloads/ovocnarstvi%20Holub/react-verze/node_modules/vite/dist/node/chunks/node.js:20343:47)
      at async EnvironmentPluginContainer.transform (file:///C:/Users/holub/Downloads/ovocnarstvi%20Holub/react-verze/node_modules/vite/dist/node/chunks/node.js:29998:14)
      at async loadAndTransform (file:///C:/Users/holub/Downloads/ovocnarstvi%20Holub/react-verze/node_modules/vite/dist/node/chunks/node.js:24133:26)
      at async viteTransformMiddleware (file:///C:/Users/holub/Downloads/ovocnarstvi%20Holub/react-verze/node_modules/vite/dist/node/chunks/node.js:24941:20)
[2m16:56:47[22m [31m[1m[vite][22m[39m [31mInternal server error: [postcss] It looks like you're trying to use `tailwindcss` directly as a PostCSS plugin. The PostCSS plugin has moved to a separate package, so to continue using Tailwind CSS with PostCSS you'll need to install `@tailwindcss/postcss` and update your PostCSS configuration.[39m
  Plugin: [35mvite:css[39m
  File: [36mC:/Users/holub/Downloads/ovocnarstvi Holub/react-verze/src/index.css[39m:undefined:NaN
      at at (C:\Users\holub\Downloads\ovocnarstvi Holub\react-verze\node_modules\tailwindcss\dist\lib.js:38:1643)
      at LazyResult.runOnRoot (C:\Users\holub\Downloads\ovocnarstvi Holub\react-verze\node_modules\postcss\lib\lazy-result.js:361:16)
      at LazyResult.runAsync (C:\Users\holub\Downloads\ovocnarstvi Holub\react-verze\node_modules\postcss\lib\lazy-result.js:290:26)
      at async runPostCSS (file:///C:/Users/holub/Downloads/ovocnarstvi%20Holub/react-verze/node_modules/vite/dist/node/chunks/node.js:20913:19)
      at async compilePostCSS (file:///C:/Users/holub/Downloads/ovocnarstvi%20Holub/react-verze/node_modules/vite/dist/node/chunks/node.js:20897:6)
      at async compileCSS (file:///C:/Users/holub/Downloads/ovocnarstvi%20Holub/react-verze/node_modules/vite/dist/node/chunks/node.js:20827:26)
      at async TransformPluginContext.handler (file:///C:/Users/holub/Downloads/ovocnarstvi%20Holub/react-verze/node_modules/vite/dist/node/chunks/node.js:20343:47)
      at async EnvironmentPluginContainer.transform (file:///C:/Users/holub/Downloads/ovocnarstvi%20Holub/react-verze/node_modules/vite/dist/node/chunks/node.js:29998:14)
      at async loadAndTransform (file:///C:/Users/holub/Downloads/ovocnarstvi%20Holub/react-verze/node_modules/vite/dist/node/chunks/node.js:24133:26)
      at async viteTransformMiddleware (file:///C:/Users/holub/Downloads/ovocnarstvi%20Holub/react-verze/node_modules/vite/dist/node/chunks/node.js:24941:20)
[2m16:56:50[22m [31m[1m[vite][22m[39m [31mInternal server error: [postcss] It looks like you're trying to use `tailwindcss` directly as a PostCSS plugin. The PostCSS plugin has moved to a separate package, so to continue using Tailwind CSS with PostCSS you'll need to install `@tailwindcss/postcss` and update your PostCSS configuration.[39m
  Plugin: [35mvite:css[39m
  File: [36mC:/Users/holub/Downloads/ovocnarstvi Holub/react-verze/src/index.css[39m:undefined:NaN
      at at (C:\Users\holub\Downloads\ovocnarstvi Holub\react-verze\node_modules\tailwindcss\dist\lib.js:38:1643)
      at LazyResult.runOnRoot (C:\Users\holub\Downloads\ovocnarstvi Holub\react-verze\node_modules\postcss\lib\lazy-result.js:361:16)
      at LazyResult.runAsync (C:\Users\holub\Downloads\ovocnarstvi Holub\react-verze\node_modules\postcss\lib\lazy-result.js:290:26)
      at async runPostCSS (file:///C:/Users/holub/Downloads/ovocnarstvi%20Holub/react-verze/node_modules/vite/dist/node/chunks/node.js:20913:19)
      at async compilePostCSS (file:///C:/Users/holub/Downloads/ovocnarstvi%20Holub/react-verze/node_modules/vite/dist/node/chunks/node.js:20897:6)
      at async compileCSS (file:///C:/Users/holub/Downloads/ovocnarstvi%20Holub/react-verze/node_modules/vite/dist/node/chunks/node.js:20827:26)
      at async TransformPluginContext.handler (file:///C:/Users/holub/Downloads/ovocnarstvi%20Holub/react-verze/node_modules/vite/dist/node/chunks/node.js:20343:47)
      at async EnvironmentPluginContainer.transform (file:///C:/Users/holub/Downloads/ovocnarstvi%20Holub/react-verze/node_modules/vite/dist/node/chunks/node.js:29998:14)
      at async loadAndTransform (file:///C:/Users/holub/Downloads/ovocnarstvi%20Holub/react-verze/node_modules/vite/dist/node/chunks/node.js:24133:26)
      at async viteTransformMiddleware (file:///C:/Users/holub/Downloads/ovocnarstvi%20Holub/react-verze/node_modules/vite/dist/node/chunks/node.js:24941:20)
[2m16:56:51[22m [31m[1m[vite][22m[39m [31mInternal server error: [postcss] It looks like you're trying to use `tailwindcss` directly as a PostCSS plugin. The PostCSS plugin has moved to a separate package, so to continue using Tailwind CSS with PostCSS you'll need to install `@tailwindcss/postcss` and update your PostCSS configuration.[39m
  Plugin: [35mvite:css[39m
  File: [36mC:/Users/holub/Downloads/ovocnarstvi Holub/react-verze/src/index.css[39m:undefined:NaN
      at at (C:\Users\holub\Downloads\ovocnarstvi Holub\react-verze\node_modules\tailwindcss\dist\lib.js:38:1643)
      at LazyResult.runOnRoot (C:\Users\holub\Downloads\ovocnarstvi Holub\react-verze\node_modules\postcss\lib\lazy-result.js:361:16)
      at LazyResult.runAsync (C:\Users\holub\Downloads\ovocnarstvi Holub\react-verze\node_modules\postcss\lib\lazy-result.js:290:26)
      at async runPostCSS (file:///C:/Users/holub/Downloads/ovocnarstvi%20Holub/react-verze/node_modules/vite/dist/node/chunks/node.js:20913:19)
      at async compilePostCSS (file:///C:/Users/holub/Downloads/ovocnarstvi%20Holub/react-verze/node_modules/vite/dist/node/chunks/node.js:20897:6)
      at async compileCSS (file:///C:/Users/holub/Downloads/ovocnarstvi%20Holub/react-verze/node_modules/vite/dist/node/chunks/node.js:20827:26)
      at async TransformPluginContext.handler (file:///C:/Users/holub/Downloads/ovocnarstvi%20Holub/react-verze/node_modules/vite/dist/node/chunks/node.js:20343:47)
      at async EnvironmentPluginContainer.transform (file:///C:/Users/holub/Downloads/ovocnarstvi%20Holub/react-verze/node_modules/vite/dist/node/chunks/node.js:29998:14)
      at async loadAndTransform (file:///C:/Users/holub/Downloads/ovocnarstvi%20Holub/react-verze/node_modules/vite/dist/node/chunks/node.js:24133:26)
      at async viteTransformMiddleware (file:///C:/Users/holub/Downloads/ovocnarstvi%20Holub/react-verze/node_modules/vite/dist/node/chunks/node.js:24941:20)
[2m16:56:52[22m [31m[1m[vite][22m[39m [31mInternal server error: [postcss] It looks like you're trying to use `tailwindcss` directly as a PostCSS plugin. The PostCSS plugin has moved to a separate package, so to continue using Tailwind CSS with PostCSS you'll need to install `@tailwindcss/postcss` and update your PostCSS configuration.[39m
  Plugin: [35mvite:css[39m
  File: [36mC:/Users/holub/Downloads/ovocnarstvi Holub/react-verze/src/index.css[39m:undefined:NaN
      at at (C:\Users\holub\Downloads\ovocnarstvi Holub\react-verze\node_modules\tailwindcss\dist\lib.js:38:1643)
      at LazyResult.runOnRoot (C:\Users\holub\Downloads\ovocnarstvi Holub\react-verze\node_modules\postcss\lib\lazy-result.js:361:16)
      at LazyResult.runAsync (C:\Users\holub\Downloads\ovocnarstvi Holub\react-verze\node_modules\postcss\lib\lazy-result.js:290:26)
      at async runPostCSS (file:///C:/Users/holub/Downloads/ovocnarstvi%20Holub/react-verze/node_modules/vite/dist/node/chunks/node.js:20913:19)
      at async compilePostCSS (file:///C:/Users/holub/Downloads/ovocnarstvi%20Holub/react-verze/node_modules/vite/dist/node/chunks/node.js:20897:6)
      at async compileCSS (file:///C:/Users/holub/Downloads/ovocnarstvi%20Holub/react-verze/node_modules/vite/dist/node/chunks/node.js:20827:26)
      at async TransformPluginContext.handler (file:///C:/Users/holub/Downloads/ovocnarstvi%20Holub/react-verze/node_modules/vite/dist/node/chunks/node.js:20343:47)
      at async EnvironmentPluginContainer.transform (file:///C:/Users/holub/Downloads/ovocnarstvi%20Holub/react-verze/node_modules/vite/dist/node/chunks/node.js:29998:14)
      at async loadAndTransform (file:///C:/Users/holub/Downloads/ovocnarstvi%20Holub/react-verze/node_modules/vite/dist/node/chunks/node.js:24133:26)
      at async viteTransformMiddleware (file:///C:/Users/holub/Downloads/ovocnarstvi%20Holub/react-verze/node_modules/vite/dist/node/chunks/node.js:24941:20)
[2m16:57:17[22m [31m[1m[vite][22m[39m [31mInternal server error: [postcss] It looks like you're trying to use `tailwindcss` directly as a PostCSS plugin. The PostCSS plugin has moved to a separate package, so to continue using Tailwind CSS with PostCSS you'll need to install `@tailwindcss/postcss` and update your PostCSS configuration.[39m
  Plugin: [35mvite:css[39m
  File: [36mC:/Users/holub/Downloads/ovocnarstvi Holub/react-verze/src/index.css[39m:undefined:NaN
      at at (C:\Users\holub\Downloads\ovocnarstvi Holub\react-verze\node_modules\tailwindcss\dist\lib.js:38:1643)
      at LazyResult.runOnRoot (C:\Users\holub\Downloads\ovocnarstvi Holub\react-verze\node_modules\postcss\lib\lazy-result.js:361:16)
      at LazyResult.runAsync (C:\Users\holub\Downloads\ovocnarstvi Holub\react-verze\node_modules\postcss\lib\lazy-result.js:290:26)
      at async runPostCSS (file:///C:/Users/holub/Downloads/ovocnarstvi%20Holub/react-verze/node_modules/vite/dist/node/chunks/node.js:20913:19)
      at async compilePostCSS (file:///C:/Users/holub/Downloads/ovocnarstvi%20Holub/react-verze/node_modules/vite/dist/node/chunks/node.js:20897:6)
      at async compileCSS (file:///C:/Users/holub/Downloads/ovocnarstvi%20Holub/react-verze/node_modules/vite/dist/node/chunks/node.js:20827:26)
      at async TransformPluginContext.handler (file:///C:/Users/holub/Downloads/ovocnarstvi%20Holub/react-verze/node_modules/vite/dist/node/chunks/node.js:20343:47)
      at async EnvironmentPluginContainer.transform (file:///C:/Users/holub/Downloads/ovocnarstvi%20Holub/react-verze/node_modules/vite/dist/node/chunks/node.js:29998:14)
      at async loadAndTransform (file:///C:/Users/holub/Downloads/ovocnarstvi%20Holub/react-verze/node_modules/vite/dist/node/chunks/node.js:24133:26)
      at async viteTransformMiddleware (file:///C:/Users/holub/Downloads/ovocnarstvi%20Holub/react-verze/node_modules/vite/dist/node/chunks/node.js:24941:20)
[2m16:57:17[22m [31m[1m[vite][22m[39m [31mInternal server error: [postcss] It looks like you're trying to use `tailwindcss` directly as a PostCSS plugin. The PostCSS plugin has moved to a separate package, so to continue using Tailwind CSS with PostCSS you'll need to install `@tailwindcss/postcss` and update your PostCSS configuration.[39m
  Plugin: [35mvite:css[39m
  File: [36mC:/Users/holub/Downloads/ovocnarstvi Holub/react-verze/src/index.css[39m:undefined:NaN
      at at (C:\Users\holub\Downloads\ovocnarstvi Holub\react-verze\node_modules\tailwindcss\dist\lib.js:38:1643)
      at LazyResult.runOnRoot (C:\Users\holub\Downloads\ovocnarstvi Holub\react-verze\node_modules\postcss\lib\lazy-result.js:361:16)
      at LazyResult.runAsync (C:\Users\holub\Downloads\ovocnarstvi Holub\react-verze\node_modules\postcss\lib\lazy-result.js:290:26)
      at async runPostCSS (file:///C:/Users/holub/Downloads/ovocnarstvi%20Holub/react-verze/node_modules/vite/dist/node/chunks/node.js:20913:19)
      at async compilePostCSS (file:///C:/Users/holub/Downloads/ovocnarstvi%20Holub/react-verze/node_modules/vite/dist/node/chunks/node.js:20897:6)
      at async compileCSS (file:///C:/Users/holub/Downloads/ovocnarstvi%20Holub/react-verze/node_modules/vite/dist/node/chunks/node.js:20827:26)
      at async TransformPluginContext.handler (file:///C:/Users/holub/Downloads/ovocnarstvi%20Holub/react-verze/node_modules/vite/dist/node/chunks/node.js:20343:47)
      at async EnvironmentPluginContainer.transform (file:///C:/Users/holub/Downloads/ovocnarstvi%20Holub/react-verze/node_modules/vite/dist/node/chunks/node.js:29998:14)
      at async loadAndTransform (file:///C:/Users/holub/Downloads/ovocnarstvi%20Holub/react-verze/node_modules/vite/dist/node/chunks/node.js:24133:26)
      at async viteTransformMiddleware (file:///C:/Users/holub/Downloads/ovocnarstvi%20Holub/react-verze/node_modules/vite/dist/node/chunks/node.js:24941:20)
[2m16:57:18[22m [31m[1m[vite][22m[39m [31mInternal server error: [postcss] It looks like you're trying to use `tailwindcss` directly as a PostCSS plugin. The PostCSS plugin has moved to a separate package, so to continue using Tailwind CSS with PostCSS you'll need to install `@tailwindcss/postcss` and update your PostCSS configuration.[39m
  Plugin: [35mvite:css[39m
  File: [36mC:/Users/holub/Downloads/ovocnarstvi Holub/react-verze/src/index.css[39m:undefined:NaN
      at at (C:\Users\holub\Downloads\ovocnarstvi Holub\react-verze\node_modules\tailwindcss\dist\lib.js:38:1643)
      at LazyResult.runOnRoot (C:\Users\holub\Downloads\ovocnarstvi Holub\react-verze\node_modules\postcss\lib\lazy-result.js:361:16)
      at LazyResult.runAsync (C:\Users\holub\Downloads\ovocnarstvi Holub\react-verze\node_modules\postcss\lib\lazy-result.js:290:26)
      at async runPostCSS (file:///C:/Users/holub/Downloads/ovocnarstvi%20Holub/react-verze/node_modules/vite/dist/node/chunks/node.js:20913:19)
      at async compilePostCSS (file:///C:/Users/holub/Downloads/ovocnarstvi%20Holub/react-verze/node_modules/vite/dist/node/chunks/node.js:20897:6)
      at async compileCSS (file:///C:/Users/holub/Downloads/ovocnarstvi%20Holub/react-verze/node_modules/vite/dist/node/chunks/node.js:20827:26)
      at async TransformPluginContext.handler (file:///C:/Users/holub/Downloads/ovocnarstvi%20Holub/react-verze/node_modules/vite/dist/node/chunks/node.js:20343:47)
      at async EnvironmentPluginContainer.transform (file:///C:/Users/holub/Downloads/ovocnarstvi%20Holub/react-verze/node_modules/vite/dist/node/chunks/node.js:29998:14)
      at async loadAndTransform (file:///C:/Users/holub/Downloads/ovocnarstvi%20Holub/react-verze/node_modules/vite/dist/node/chunks/node.js:24133:26)
      at async viteTransformMiddleware (file:///C:/Users/holub/Downloads/ovocnarstvi%20Holub/react-verze/node_modules/vite/dist/node/chunks/node.js:24941:20)
[2m16:57:18[22m [31m[1m[vite][22m[39m [31mInternal server error: [postcss] It looks like you're trying to use `tailwindcss` directly as a PostCSS plugin. The PostCSS plugin has moved to a separate package, so to continue using Tailwind CSS with PostCSS you'll need to install `@tailwindcss/postcss` and update your PostCSS configuration.[39m
  Plugin: [35mvite:css[39m
  File: [36mC:/Users/holub/Downloads/ovocnarstvi Holub/react-verze/src/index.css[39m:undefined:NaN
      at at (C:\Users\holub\Downloads\ovocnarstvi Holub\react-verze\node_modules\tailwindcss\dist\lib.js:38:1643)
      at LazyResult.runOnRoot (C:\Users\holub\Downloads\ovocnarstvi Holub\react-verze\node_modules\postcss\lib\lazy-result.js:361:16)
      at LazyResult.runAsync (C:\Users\holub\Downloads\ovocnarstvi Holub\react-verze\node_modules\postcss\lib\lazy-result.js:290:26)
      at async runPostCSS (file:///C:/Users/holub/Downloads/ovocnarstvi%20Holub/react-verze/node_modules/vite/dist/node/chunks/node.js:20913:19)
      at async compilePostCSS (file:///C:/Users/holub/Downloads/ovocnarstvi%20Holub/react-verze/node_modules/vite/dist/node/chunks/node.js:20897:6)
      at async compileCSS (file:///C:/Users/holub/Downloads/ovocnarstvi%20Holub/react-verze/node_modules/vite/dist/node/chunks/node.js:20827:26)
      at async TransformPluginContext.handler (file:///C:/Users/holub/Downloads/ovocnarstvi%20Holub/react-verze/node_modules/vite/dist/node/chunks/node.js:20343:47)
      at async EnvironmentPluginContainer.transform (file:///C:/Users/holub/Downloads/ovocnarstvi%20Holub/react-verze/node_modules/vite/dist/node/chunks/node.js:29998:14)
      at async loadAndTransform (file:///C:/Users/holub/Downloads/ovocnarstvi%20Holub/react-verze/node_modules/vite/dist/node/chunks/node.js:24133:26)
      at async viteTransformMiddleware (file:///C:/Users/holub/Downloads/ovocnarstvi%20Holub/react-verze/node_modules/vite/dist/node/chunks/node.js:24941:20)
[2m16:57:18[22m [31m[1m[vite][22m[39m [31mInternal server error: [postcss] It looks like you're trying to use `tailwindcss` directly as a PostCSS plugin. The PostCSS plugin has moved to a separate package, so to continue using Tailwind CSS with PostCSS you'll need to install `@tailwindcss/postcss` and update your PostCSS configuration.[39m
  Plugin: [35mvite:css[39m
  File: [36mC:/Users/holub/Downloads/ovocnarstvi Holub/react-verze/src/index.css[39m:undefined:NaN
      at at (C:\Users\holub\Downloads\ovocnarstvi Holub\react-verze\node_modules\tailwindcss\dist\lib.js:38:1643)
      at LazyResult.runOnRoot (C:\Users\holub\Downloads\ovocnarstvi Holub\react-verze\node_modules\postcss\lib\lazy-result.js:361:16)
      at LazyResult.runAsync (C:\Users\holub\Downloads\ovocnarstvi Holub\react-verze\node_modules\postcss\lib\lazy-result.js:290:26)
      at async runPostCSS (file:///C:/Users/holub/Downloads/ovocnarstvi%20Holub/react-verze/node_modules/vite/dist/node/chunks/node.js:20913:19)
      at async compilePostCSS (file:///C:/Users/holub/Downloads/ovocnarstvi%20Holub/react-verze/node_modules/vite/dist/node/chunks/node.js:20897:6)
      at async compileCSS (file:///C:/Users/holub/Downloads/ovocnarstvi%20Holub/react-verze/node_modules/vite/dist/node/chunks/node.js:20827:26)
      at async TransformPluginContext.handler (file:///C:/Users/holub/Downloads/ovocnarstvi%20Holub/react-verze/node_modules/vite/dist/node/chunks/node.js:20343:47)
      at async EnvironmentPluginContainer.transform (file:///C:/Users/holub/Downloads/ovocnarstvi%20Holub/react-verze/node_modules/vite/dist/node/chunks/node.js:29998:14)
      at async loadAndTransform (file:///C:/Users/holub/Downloads/ovocnarstvi%20Holub/react-verze/node_modules/vite/dist/node/chunks/node.js:24133:26)
      at async viteTransformMiddleware (file:///C:/Users/holub/Downloads/ovocnarstvi%20Holub/react-verze/node_modules/vite/dist/node/chunks/node.js:24941:20)
[2m16:57:18[22m [31m[1m[vite][22m[39m [31mInternal server error: [postcss] It looks like you're trying to use `tailwindcss` directly as a PostCSS plugin. The PostCSS plugin has moved to a separate package, so to continue using Tailwind CSS with PostCSS you'll need to install `@tailwindcss/postcss` and update your PostCSS configuration.[39m
  Plugin: [35mvite:css[39m
  File: [36mC:/Users/holub/Downloads/ovocnarstvi Holub/react-verze/src/index.css[39m:undefined:NaN
      at at (C:\Users\holub\Downloads\ovocnarstvi Holub\react-verze\node_modules\tailwindcss\dist\lib.js:38:1643)
      at LazyResult.runOnRoot (C:\Users\holub\Downloads\ovocnarstvi Holub\react-verze\node_modules\postcss\lib\lazy-result.js:361:16)
      at LazyResult.runAsync (C:\Users\holub\Downloads\ovocnarstvi Holub\react-verze\node_modules\postcss\lib\lazy-result.js:290:26)
      at async runPostCSS (file:///C:/Users/holub/Downloads/ovocnarstvi%20Holub/react-verze/node_modules/vite/dist/node/chunks/node.js:20913:19)
      at async compilePostCSS (file:///C:/Users/holub/Downloads/ovocnarstvi%20Holub/react-verze/node_modules/vite/dist/node/chunks/node.js:20897:6)
      at async compileCSS (file:///C:/Users/holub/Downloads/ovocnarstvi%20Holub/react-verze/node_modules/vite/dist/node/chunks/node.js:20827:26)
      at async TransformPluginContext.handler (file:///C:/Users/holub/Downloads/ovocnarstvi%20Holub/react-verze/node_modules/vite/dist/node/chunks/node.js:20343:47)
      at async EnvironmentPluginContainer.transform (file:///C:/Users/holub/Downloads/ovocnarstvi%20Holub/react-verze/node_modules/vite/dist/node/chunks/node.js:29998:14)
      at async loadAndTransform (file:///C:/Users/holub/Downloads/ovocnarstvi%20Holub/react-verze/node_modules/vite/dist/node/chunks/node.js:24133:26)
      at async viteTransformMiddleware (file:///C:/Users/holub/Downloads/ovocnarstvi%20Holub/react-verze/node_modules/vite/dist/node/chunks/node.js:24941:20)
[2m16:57:18[22m [31m[1m[vite][22m[39m [31mInternal server error: [postcss] It looks like you're trying to use `tailwindcss` directly as a PostCSS plugin. The PostCSS plugin has moved to a separate package, so to continue using Tailwind CSS with PostCSS you'll need to install `@tailwindcss/postcss` and update your PostCSS configuration.[39m
  Plugin: [35mvite:css[39m
  File: [36mC:/Users/holub/Downloads/ovocnarstvi Holub/react-verze/src/index.css[39m:undefined:NaN
      at at (C:\Users\holub\Downloads\ovocnarstvi Holub\react-verze\node_modules\tailwindcss\dist\lib.js:38:1643)
      at LazyResult.runOnRoot (C:\Users\holub\Downloads\ovocnarstvi Holub\react-verze\node_modules\postcss\lib\lazy-result.js:361:16)
      at LazyResult.runAsync (C:\Users\holub\Downloads\ovocnarstvi Holub\react-verze\node_modules\postcss\lib\lazy-result.js:290:26)
      at async runPostCSS (file:///C:/Users/holub/Downloads/ovocnarstvi%20Holub/react-verze/node_modules/vite/dist/node/chunks/node.js:20913:19)
      at async compilePostCSS (file:///C:/Users/holub/Downloads/ovocnarstvi%20Holub/react-verze/node_modules/vite/dist/node/chunks/node.js:20897:6)
      at async compileCSS (file:///C:/Users/holub/Downloads/ovocnarstvi%20Holub/react-verze/node_modules/vite/dist/node/chunks/node.js:20827:26)
      at async TransformPluginContext.handler (file:///C:/Users/holub/Downloads/ovocnarstvi%20Holub/react-verze/node_modules/vite/dist/node/chunks/node.js:20343:47)
      at async EnvironmentPluginContainer.transform (file:///C:/Users/holub/Downloads/ovocnarstvi%20Holub/react-verze/node_modules/vite/dist/node/chunks/node.js:29998:14)
      at async loadAndTransform (file:///C:/Users/holub/Downloads/ovocnarstvi%20Holub/react-verze/node_modules/vite/dist/node/chunks/node.js:24133:26)
      at async viteTransformMiddleware (file:///C:/Users/holub/Downloads/ovocnarstvi%20Holub/react-verze/node_modules/vite/dist/node/chunks/node.js:24941:20)
